<?xml version="1.0" encoding="UTF-8"?>
<con:testCase xmlns:con="http://eviware.com/soapui/config" id="1687cf55-e3f6-4db4-a147-fe50add52cf8" discardOkResults="false" failOnError="false" failTestCaseOnErrors="true" keepSession="false" name="Test Case 1" searchProperties="true" timeout="0">
  <con:settings id="e6533a6f-1f13-41ff-a804-88ebaa5df107">
    <con:setting id="1687cf55-e3f6-4db4-a147-fe50add52cf8fileName">Test-Case-1</con:setting>
  </con:settings>
  <con:testStep type="restrequest" name="Add pet" id="d60d30c8-4a0d-4be2-8d54-2e5bd445a61e">
    <con:settings/>
    <con:config xmlns:xsi="http://www.w3.org/2001/XMLSchema-instance" service="Swagger Petstore" resourcePath="/v2/pet" methodName="addPet" xsi:type="con:RestRequestStep">
      <con:restRequest name="Add pet" id="92c7489a-50eb-4a13-a3c5-9a3885dc2341" mediaType="application/xml" postQueryString="false">
        <con:settings>
          <con:setting id="com.eviware.soapui.impl.wsdl.WsdlRequest@request-headers">&lt;xml-fragment/></con:setting>
        </con:settings>
        <con:endpoint>http://petstore.swagger.io</con:endpoint>
        <con:request><![CDATA[<Pet>
   <id>0</id>
   <Category>
      <id>0</id>
      <name>string</name>
   </Category>
   <name>doggie</name>
   <photoUrlss>
      <photoUrl>string</photoUrl>
   </photoUrlss>
   <tagss>
      <tag>
         <id>0</id>
         <name>string</name>
      </tag>
   </tagss>
   <status>available</status>
</Pet>]]></con:request>
        <con:originalUri>https://petstore.swagger.io/v2/pet</con:originalUri>
        <con:assertion type="Valid HTTP Status Codes" id="a579118a-860f-4a14-a47f-54b64e57fbc9" name="Valid HTTP Status Codes">
          <con:settings/>
          <con:configuration>
            <codes>200</codes>
          </con:configuration>
        </con:assertion>
        <con:assertion type="Response SLA Assertion" id="d18985a1-32cd-46d0-81fd-c8455522c351" name="Response SLA">
          <con:configuration>
            <SLA>1100</SLA>
          </con:configuration>
        </con:assertion>
        <con:assertion type="JsonPath Existence Match" id="8ff387aa-4b2e-4aae-bd65-a65a745e8c98" name="Check for existence of [id]">
          <con:configuration>
            <path>$['id']</path>
            <content>true</content>
            <allowWildcards>false</allowWildcards>
            <ignoreNamspaceDifferences>false</ignoreNamspaceDifferences>
            <ignoreComments>false</ignoreComments>
          </con:configuration>
        </con:assertion>
        <con:credentials>
          <con:selectedAuthProfile>No Authorization</con:selectedAuthProfile>
          <con:authType>No Authorization</con:authType>
        </con:credentials>
        <con:jmsConfig JMSDeliveryMode="PERSISTENT"/>
        <con:parameters/>
      </con:restRequest>
    </con:config>
  </con:testStep>
  <con:testStep type="transfer" name="Property Transfer" id="3118ff22-d4eb-4bf0-9245-91aa0e66b98a">
    <con:settings/>
    <con:config xmlns:xsi="http://www.w3.org/2001/XMLSchema-instance" xsi:type="con:PropertyTransfersStep">
      <con:transfers setNullOnMissingSource="true" transferTextContent="true" failOnError="true" ignoreEmpty="false" transferToAll="false" entitize="false" transferChildNodes="false">
        <con:name>RequestToResponse</con:name>
        <con:sourceType>Response</con:sourceType>
        <con:sourceStep>Add pet</con:sourceStep>
        <con:sourcePath>$['id']</con:sourcePath>
        <con:targetType>petId</con:targetType>
        <con:targetStep>Get pet by id</con:targetStep>
        <con:targetPath/>
        <con:type>JSONPATH</con:type>
        <con:upgraded>true</con:upgraded>
      </con:transfers>
    </con:config>
  </con:testStep>
  <con:testStep type="restrequest" name="Get pet by id" id="62c63be4-4484-4b04-82b9-982d8bd5f13c">
    <con:settings/>
    <con:config xmlns:xsi="http://www.w3.org/2001/XMLSchema-instance" service="Swagger Petstore" resourcePath="/v2/pet/{petId}" methodName="getPetById" xsi:type="con:RestRequestStep">
      <con:restRequest name="Get pet by id" id="87fc061f-1c8c-4dd4-a466-8215a3fda09e" mediaType="application/json">
        <con:settings>
          <con:setting id="com.eviware.soapui.impl.wsdl.WsdlRequest@request-headers">&lt;xml-fragment/></con:setting>
        </con:settings>
        <con:endpoint>http://petstore.swagger.io</con:endpoint>
        <con:request/>
        <con:originalUri>https://petstore.swagger.io/v2/pet/</con:originalUri>
        <con:assertion type="Valid HTTP Status Codes" id="8445cc27-4ead-41fc-929d-e50b9357f27d" name="Valid HTTP Status Codes">
          <con:settings/>
          <con:configuration>
            <codes>200,301</codes>
          </con:configuration>
        </con:assertion>
        <con:assertion type="Response SLA Assertion" id="048233b3-78db-4042-a9e1-bb8c03c773a8" name="Response SLA">
          <con:configuration>
            <SLA>1000</SLA>
          </con:configuration>
        </con:assertion>
        <con:assertion type="JsonPath Match" id="cc7f71e1-0cd1-41dd-9305-a3423560e3dc" name="JSONPath Match">
          <con:configuration>
            <path>$['name']</path>
            <content>"doggie"</content>
            <allowWildcards>false</allowWildcards>
            <ignoreNamspaceDifferences>false</ignoreNamspaceDifferences>
            <ignoreComments>false</ignoreComments>
          </con:configuration>
        </con:assertion>
        <con:credentials>
          <con:selectedAuthProfile>No Authorization</con:selectedAuthProfile>
          <con:authType>No Authorization</con:authType>
        </con:credentials>
        <con:jmsConfig JMSDeliveryMode="PERSISTENT"/>
        <con:parameters>
          <con:entry key="petId" value="9223372016900018329"/>
        </con:parameters>
      </con:restRequest>
    </con:config>
  </con:testStep>
  <con:properties/>
  <con:reportParameters/>
</con:testCase>
